0 info it worked if it ends with ok
1 verbose cli [ '/usr/local/bin/node', '/usr/local/bin/npm', 'run', 'gulp' ]
2 info using npm@3.10.10
3 info using node@v6.9.4
4 verbose run-script [ 'pregulp', 'gulp', 'postgulp' ]
5 info lifecycle d1@1.0.0~pregulp: d1@1.0.0
6 silly lifecycle d1@1.0.0~pregulp: no script for pregulp, continuing
7 info lifecycle d1@1.0.0~gulp: d1@1.0.0
8 verbose lifecycle d1@1.0.0~gulp: unsafe-perm in lifecycle true
9 verbose lifecycle d1@1.0.0~gulp: PATH: /usr/local/lib/node_modules/npm/bin/node-gyp-bin:/Users/ryanlewis/Documents/TheIronYard/w2-responsive-design/d1/node_modules/.bin:/Users/ryanlewis/.yarn/bin:/usr/local/bin:/usr/bin:/bin:/usr/sbin:/sbin:/opt/X11/bin
10 verbose lifecycle d1@1.0.0~gulp: CWD: /Users/ryanlewis/Documents/TheIronYard/w2-responsive-design/d1
11 silly lifecycle d1@1.0.0~gulp: Args: [ '-c', 'gulp serve' ]
12 silly lifecycle d1@1.0.0~gulp: Returned: code: 1  signal: null
13 info lifecycle d1@1.0.0~gulp: Failed to exec gulp script
14 verbose stack Error: d1@1.0.0 gulp: `gulp serve`
14 verbose stack Exit status 1
14 verbose stack     at EventEmitter.<anonymous> (/usr/local/lib/node_modules/npm/lib/utils/lifecycle.js:255:16)
14 verbose stack     at emitTwo (events.js:106:13)
14 verbose stack     at EventEmitter.emit (events.js:191:7)
14 verbose stack     at ChildProcess.<anonymous> (/usr/local/lib/node_modules/npm/lib/utils/spawn.js:40:14)
14 verbose stack     at emitTwo (events.js:106:13)
14 verbose stack     at ChildProcess.emit (events.js:191:7)
14 verbose stack     at maybeClose (internal/child_process.js:877:16)
14 verbose stack     at Process.ChildProcess._handle.onexit (internal/child_process.js:226:5)
15 verbose pkgid d1@1.0.0
16 verbose cwd /Users/ryanlewis/Documents/TheIronYard/w2-responsive-design/d1
17 error Darwin 15.4.0
18 error argv "/usr/local/bin/node" "/usr/local/bin/npm" "run" "gulp"
19 error node v6.9.4
20 error npm  v3.10.10
21 error code ELIFECYCLE
22 error d1@1.0.0 gulp: `gulp serve`
22 error Exit status 1
23 error Failed at the d1@1.0.0 gulp script 'gulp serve'.
23 error Make sure you have the latest version of node.js and npm installed.
23 error If you do, this is most likely a problem with the d1 package,
23 error not with npm itself.
23 error Tell the author that this fails on your system:
23 error     gulp serve
23 error You can get information on how to open an issue for this project with:
23 error     npm bugs d1
23 error Or if that isn't available, you can get their info via:
23 error     npm owner ls d1
23 error There is likely additional logging output above.
24 verbose exit [ 1, true ]
